0 info it worked if it ends with ok
1 verbose cli [ '/usr/local/bin/node',
1 verbose cli   '/usr/local/bin/npm',
1 verbose cli   'install',
1 verbose cli   '-g',
1 verbose cli   'ionic',
1 verbose cli   'cordova',
1 verbose cli   'ios-sim' ]
2 info using npm@2.11.3
3 info using node@v0.12.7
4 verbose install initial load of /usr/local/lib/package.json
5 verbose readDependencies loading dependencies from /usr/local/lib/package.json
6 silly cache add args [ 'ionic', null ]
7 verbose cache add spec ionic
8 silly cache add args [ 'cordova', null ]
9 verbose cache add spec cordova
10 silly cache add args [ 'ios-sim', null ]
11 verbose cache add spec ios-sim
12 silly cache add parsed spec { raw: 'ionic',
12 silly cache add   scope: null,
12 silly cache add   name: 'ionic',
12 silly cache add   rawSpec: '',
12 silly cache add   spec: '*',
12 silly cache add   type: 'range' }
13 silly addNamed ionic@*
14 verbose addNamed "*" is a valid semver range for ionic
15 silly addNameRange { name: 'ionic', range: '*', hasData: false }
16 silly mapToRegistry name ionic
17 silly mapToRegistry using default registry
18 silly mapToRegistry registry https://registry.npmjs.org/
19 silly mapToRegistry uri https://registry.npmjs.org/ionic
20 verbose addNameRange registry:https://registry.npmjs.org/ionic not in flight; fetching
21 silly cache add parsed spec { raw: 'cordova',
21 silly cache add   scope: null,
21 silly cache add   name: 'cordova',
21 silly cache add   rawSpec: '',
21 silly cache add   spec: '*',
21 silly cache add   type: 'range' }
22 silly addNamed cordova@*
23 verbose addNamed "*" is a valid semver range for cordova
24 silly addNameRange { name: 'cordova', range: '*', hasData: false }
25 silly mapToRegistry name cordova
26 silly mapToRegistry using default registry
27 silly mapToRegistry registry https://registry.npmjs.org/
28 silly mapToRegistry uri https://registry.npmjs.org/cordova
29 verbose addNameRange registry:https://registry.npmjs.org/cordova not in flight; fetching
30 silly cache add parsed spec { raw: 'ios-sim',
30 silly cache add   scope: null,
30 silly cache add   name: 'ios-sim',
30 silly cache add   rawSpec: '',
30 silly cache add   spec: '*',
30 silly cache add   type: 'range' }
31 silly addNamed ios-sim@*
32 verbose addNamed "*" is a valid semver range for ios-sim
33 silly addNameRange { name: 'ios-sim', range: '*', hasData: false }
34 silly mapToRegistry name ios-sim
35 silly mapToRegistry using default registry
36 silly mapToRegistry registry https://registry.npmjs.org/
37 silly mapToRegistry uri https://registry.npmjs.org/ios-sim
38 verbose addNameRange registry:https://registry.npmjs.org/ios-sim not in flight; fetching
39 verbose request uri https://registry.npmjs.org/ionic
40 verbose request no auth needed
41 info attempt registry request try #1 at 11:13:45 PM
42 verbose request id 7a5c5ea75d358ffb
43 http request GET https://registry.npmjs.org/ionic
44 verbose request uri https://registry.npmjs.org/cordova
45 verbose request no auth needed
46 info attempt registry request try #1 at 11:13:45 PM
47 http request GET https://registry.npmjs.org/cordova
48 verbose request uri https://registry.npmjs.org/ios-sim
49 verbose request no auth needed
50 info attempt registry request try #1 at 11:13:45 PM
51 http request GET https://registry.npmjs.org/ios-sim
52 http 200 https://registry.npmjs.org/ionic
53 silly get cb [ 200,
53 silly get   { server: 'CouchDB/1.5.0 (Erlang OTP/R16B03)',
53 silly get     etag: '"7RRHBPCPCSZABQ5PORKXJ1NTT"',
53 silly get     'content-type': 'application/json',
53 silly get     'cache-control': 'max-age=60',
53 silly get     'content-length': '468199',
53 silly get     'accept-ranges': 'bytes',
53 silly get     date: 'Sun, 09 Aug 2015 13:13:46 GMT',
53 silly get     via: '1.1 varnish',
53 silly get     age: '0',
53 silly get     connection: 'keep-alive',
53 silly get     'x-served-by': 'cache-syd1621-SYD',
53 silly get     'x-cache': 'MISS',
53 silly get     'x-cache-hits': '0',
53 silly get     'x-timer': 'S1439126026.329106,VS0,VE234',
53 silly get     vary: 'Accept' } ]
54 verbose get saving ionic to /Users/gafrong/.npm/registry.npmjs.org/ionic/.cache.json
55 silly addNameRange number 2 { name: 'ionic', range: '*', hasData: true }
56 silly addNameRange versions [ 'ionic',
56 silly addNameRange   [ '0.9.6',
56 silly addNameRange     '0.9.8',
56 silly addNameRange     '0.9.9',
56 silly addNameRange     '0.9.10',
56 silly addNameRange     '0.9.11',
56 silly addNameRange     '0.9.12',
56 silly addNameRange     '0.9.13',
56 silly addNameRange     '0.9.14',
56 silly addNameRange     '0.9.15',
56 silly addNameRange     '0.9.16',
56 silly addNameRange     '1.0.0-beta.1',
56 silly addNameRange     '1.0.0-beta',
56 silly addNameRange     '1.0.1-beta',
56 silly addNameRange     '1.0.3-beta',
56 silly addNameRange     '1.0.4',
56 silly addNameRange     '1.0.5',
56 silly addNameRange     '1.0.6',
56 silly addNameRange     '1.0.7',
56 silly addNameRange     '1.0.8',
56 silly addNameRange     '1.0.9',
56 silly addNameRange     '1.0.10',
56 silly addNameRange     '1.0.11',
56 silly addNameRange     '1.0.12',
56 silly addNameRange     '1.0.13',
56 silly addNameRange     '1.0.14',
56 silly addNameRange     '1.0.15',
56 silly addNameRange     '1.0.16',
56 silly addNameRange     '1.0.17',
56 silly addNameRange     '1.1.0-beta1',
56 silly addNameRange     '1.1.0-beta2',
56 silly addNameRange     '1.1.0-beta3',
56 silly addNameRange     '1.1.0-beta4',
56 silly addNameRange     '1.1.0-beta5',
56 silly addNameRange     '1.1.0-beta6',
56 silly addNameRange     '1.1.0',
56 silly addNameRange     '1.1.1-beta1',
56 silly addNameRange     '1.1.1-beta2',
56 silly addNameRange     '1.1.1-beta3',
56 silly addNameRange     '1.1.1',
56 silly addNameRange     '1.1.3',
56 silly addNameRange     '1.1.4',
56 silly addNameRange     '1.1.5-beta1',
56 silly addNameRange     '1.1.5-beta2',
56 silly addNameRange     '1.1.5-beta3',
56 silly addNameRange     '1.1.5-beta4',
56 silly addNameRange     '1.1.5-beta5',
56 silly addNameRange     '1.1.5',
56 silly addNameRange     '1.1.6',
56 silly addNameRange     '1.1.7-beta1',
56 silly addNameRange     '1.1.7',
56 silly addNameRange     '1.1.8-beta1',
56 silly addNameRange     '1.1.8-beta2',
56 silly addNameRange     '1.1.8-beta3',
56 silly addNameRange     '1.1.8-beta4',
56 silly addNameRange     '1.1.8-beta5',
56 silly addNameRange     '1.1.8',
56 silly addNameRange     '1.1.9-beta1',
56 silly addNameRange     '1.1.9',
56 silly addNameRange     '1.1.10',
56 silly addNameRange     '1.1.11-beta1',
56 silly addNameRange     '1.1.11-beta2',
56 silly addNameRange     '1.1.11',
56 silly addNameRange     '1.1.12-beta1',
56 silly addNameRange     '1.1.12-beta2',
56 silly addNameRange     '1.1.12-beta3',
56 silly addNameRange     '1.1.12',
56 silly addNameRange     '1.1.13',
56 silly addNameRange     '1.1.14-beta1',
56 silly addNameRange     '1.1.14-beta2',
56 silly addNameRange     '1.1.14-beta3',
56 silly addNameRange     '1.2.0-beta1',
56 silly addNameRange     '1.2.0',
56 silly addNameRange     '1.2.1-beta1',
56 silly addNameRange     '1.2.1-beta2',
56 silly addNameRange     '1.2.1-beta3',
56 silly addNameRange     '1.2.1-beta4',
56 silly addNameRange     '1.2.1',
56 silly addNameRange     '1.2.2',
56 silly addNameRange     '1.2.3-beta1',
56 silly addNameRange     '1.2.3-beta2',
56 silly addNameRange     '1.2.3-beta3',
56 silly addNameRange     '1.2.3',
56 silly addNameRange     '1.2.4-beta1',
56 silly addNameRange     '1.2.4-beta2',
56 silly addNameRange     '1.2.4-beta3',
56 silly addNameRange     '1.2.4',
56 silly addNameRange     '1.2.5-beta1',
56 silly addNameRange     '1.2.5-beta2',
56 silly addNameRange     '1.2.5-beta3',
56 silly addNameRange     '1.2.5',
56 silly addNameRange     '1.2.6-beta1',
56 silly addNameRange     '1.2.6-beta2',
56 silly addNameRange     '1.2.6-beta3',
56 silly addNameRange     '1.2.6',
56 silly addNameRange     '1.2.7',
56 silly addNameRange     '1.2.8-beta1',
56 silly addNameRange     '1.2.8-beta2',
56 silly addNameRange     '1.2.8',
56 silly addNameRange     '1.2.9',
56 silly addNameRange     '1.2.10',
56 silly addNameRange     '1.2.11',
56 silly addNameRange     '1.2.12',
56 silly addNameRange     '1.2.13',
56 silly addNameRange     '1.2.14-beta1',
56 silly addNameRange     '1.2.14-beta2',
56 silly addNameRange     '1.2.14-beta3',
56 silly addNameRange     '1.2.14-beta4',
56 silly addNameRange     '1.2.14-beta5',
56 silly addNameRange     '1.2.14-beta6',
56 silly addNameRange     '1.2.14',
56 silly addNameRange     '1.3.0-beta1',
56 silly addNameRange     '1.3.0',
56 silly addNameRange     '1.3.1',
56 silly addNameRange     '1.3.2',
56 silly addNameRange     '1.3.3',
56 silly addNameRange     '1.3.4',
56 silly addNameRange     '1.3.5',
56 silly addNameRange     '1.3.6',
56 silly addNameRange     '1.3.7',
56 silly addNameRange     '1.3.8',
56 silly addNameRange     '1.3.9',
56 silly addNameRange     '1.3.10',
56 silly addNameRange     '1.4.0-alpha.1',
56 silly addNameRange     '1.3.11',
56 silly addNameRange     '1.3.1-1.alpha.0',
56 silly addNameRange     '1.4.0-alpha.2',
56 silly addNameRange     '1.3.12',
56 silly addNameRange     '1.3.12-beta.1',
56 silly addNameRange     '1.3.12-beta.2',
56 silly addNameRange     '1.3.13-beta.0',
56 silly addNameRange     '1.3.1-3.beta.1',
56 silly addNameRange     '1.3.1-3.beta.2',
56 silly addNameRange     '1.3.13',
56 silly addNameRange     '1.3.1-3.beta.4',
56 silly addNameRange     '1.3.14-beta',
56 silly addNameRange     '1.3.14-beta.1',
56 silly addNameRange     '1.4.0-alpha.3',
56 silly addNameRange     '1.3.14',
56 silly addNameRange     '1.4.0-alpha.4',
56 silly addNameRange     '1.4.0-alpha.5',
56 silly addNameRange     '1.3.15-beta.0',
56 silly addNameRange     '1.3.15-beta.1',
56 silly addNameRange     '1.3.15-beta.2',
56 silly addNameRange     '1.3.15-beta.3',
56 silly addNameRange     '1.3.15-beta.4',
56 silly addNameRange     '1.3.15',
56 silly addNameRange     '1.3.16',
56 silly addNameRange     '1.4.0-alpha.6',
56 silly addNameRange     '1.3.17-beta.0',
56 silly addNameRange     '1.3.17-beta.1',
56 silly addNameRange     '1.3.17-beta.2',
56 silly addNameRange     '1.3.17-beta.3',
56 silly addNameRange     '1.3.1-7.beta.4',
56 silly addNameRange     '1.3.17',
56 silly addNameRange     '1.3.18-beta.0',
56 silly addNameRange     '1.3.18-beta.1',
56 silly addNameRange     '1.3.18-beta.2',
56 silly addNameRange     '1.3.18-beta.3',
56 silly addNameRange     '1.3.18',
56 silly addNameRange     '1.3.19-beta.0',
56 silly addNameRange     '1.3.19-beta.1',
56 silly addNameRange     '1.3.19-beta.2',
56 silly addNameRange     '1.3.19-beta.3',
56 silly addNameRange     '1.3.19-beta.4',
56 silly addNameRange     '1.3.19',
56 silly addNameRange     '1.3.20',
56 silly addNameRange     '1.4.1-beta.0',
56 silly addNameRange     '1.4.0-beta.1',
56 silly addNameRange     '1.4.0-beta.2',
56 silly addNameRange     '1.4.0-beta.3',
56 silly addNameRange     '1.4.0-beta.5',
56 silly addNameRange     '1.4.0-beta.6',
56 silly addNameRange     '1.4.0-beta.7',
56 silly addNameRange     '1.3.21-beta.0',
56 silly addNameRange     '1.3.21-beta.1',
56 silly addNameRange     '1.3.21',
56 silly addNameRange     '1.3.22',
56 silly addNameRange     '1.4.0-beta.8',
56 silly addNameRange     '1.4.0-beta.9',
56 silly addNameRange     '1.4.0-beta.10',
56 silly addNameRange     '1.4.0-beta.11',
56 silly addNameRange     '1.4.0-beta.12',
56 silly addNameRange     '1.4.0-beta.13',
56 silly addNameRange     '1.4.0-beta.14',
56 silly addNameRange     '1.4.0-beta.15',
56 silly addNameRange     '1.4.0-beta.16',
56 silly addNameRange     '1.4.0-beta.17',
56 silly addNameRange     '1.4.0-beta.18',
56 silly addNameRange     '1.4.0',
56 silly addNameRange     '1.4.1',
56 silly addNameRange     '1.4.2',
56 silly addNameRange     '1.4.3',
56 silly addNameRange     '1.4.4-beta.0',
56 silly addNameRange     '1.4.4-beta.2',
56 silly addNameRange     '1.4.4',
56 silly addNameRange     '1.4.5-beta.0',
56 silly addNameRange     '1.4.5-beta.1',
56 silly addNameRange     '1.4.5-beta.2',
56 silly addNameRange     '1.4.5-beta.3',
56 silly addNameRange     '1.4.5',
56 silly addNameRange     '1.4.6-beta.0',
56 silly addNameRange     '1.4.6',
56 silly addNameRange     '1.4.7',
56 silly addNameRange     '1.4.8',
56 silly addNameRange     '1.5.0-beta.0',
56 silly addNameRange     '1.5.0-beta.1',
56 silly addNameRange     '1.5.0',
56 silly addNameRange     '1.5.1-beta.0',
56 silly addNameRange     '1.5.1-beta.1',
56 silly addNameRange     '1.5.1-beta.2',
56 silly addNameRange     '1.5.1-beta.3',
56 silly addNameRange     '1.5.1-beta.4',
56 silly addNameRange     '1.5.1',
56 silly addNameRange     '1.5.2',
56 silly addNameRange     '1.5.3',
56 silly addNameRange     '1.5.4',
56 silly addNameRange     '1.5.5',
56 silly addNameRange     '1.6.0-beta.1',
56 silly addNameRange     '1.6.0',
56 silly addNameRange     '1.6.1',
56 silly addNameRange     '1.6.2-beta.0',
56 silly addNameRange     '1.6.2-beta.1',
56 silly addNameRange     '1.6.2-beta.2',
56 silly addNameRange     '1.6.2',
56 silly addNameRange     '1.6.3-beta.0',
56 silly addNameRange     '1.6.3-beta.1',
56 silly addNameRange     '1.6.3',
56 silly addNameRange     '1.6.4-beta.0',
56 silly addNameRange     '1.6.4-beta.1',
56 silly addNameRange     '1.6.4' ] ]
57 silly addNamed ionic@1.6.4
58 verbose addNamed "1.6.4" is a plain semver version for ionic
59 silly mapToRegistry name ionic
60 silly mapToRegistry using default registry
61 silly mapToRegistry registry https://registry.npmjs.org/
62 silly mapToRegistry uri https://registry.npmjs.org/ionic
63 verbose addRemoteTarball https://registry.npmjs.org/ionic/-/ionic-1.6.4.tgz not in flight; adding
64 verbose addRemoteTarball [ 'https://registry.npmjs.org/ionic/-/ionic-1.6.4.tgz',
64 verbose addRemoteTarball   '2c0cd94c4316cab206796e44fe67565bf4b883a0' ]
65 info retry fetch attempt 1 at 11:13:46 PM
66 info attempt registry request try #1 at 11:13:46 PM
67 http fetch GET https://registry.npmjs.org/ionic/-/ionic-1.6.4.tgz
68 http 200 https://registry.npmjs.org/ios-sim
69 silly get cb [ 200,
69 silly get   { server: 'CouchDB/1.5.0 (Erlang OTP/R16B03)',
69 silly get     etag: '"91HIQ4PB1NF3ALRSM1TO8OLOF"',
69 silly get     'content-type': 'application/json',
69 silly get     'cache-control': 'max-age=60',
69 silly get     'content-length': '18647',
69 silly get     'accept-ranges': 'bytes',
69 silly get     date: 'Sun, 09 Aug 2015 13:13:47 GMT',
69 silly get     via: '1.1 varnish',
69 silly get     age: '0',
69 silly get     connection: 'keep-alive',
69 silly get     'x-served-by': 'cache-syd1627-SYD',
69 silly get     'x-cache': 'HIT',
69 silly get     'x-cache-hits': '1',
69 silly get     'x-timer': 'S1439126026.254895,VS0,VE796',
69 silly get     vary: 'Accept' } ]
70 verbose get saving ios-sim to /Users/gafrong/.npm/registry.npmjs.org/ios-sim/.cache.json
71 silly addNameRange number 2 { name: 'ios-sim', range: '*', hasData: true }
72 silly addNameRange versions [ 'ios-sim',
72 silly addNameRange   [ '1.8.0',
72 silly addNameRange     '1.8.1',
72 silly addNameRange     '1.8.2',
72 silly addNameRange     '1.9.0',
72 silly addNameRange     '2.0.0',
72 silly addNameRange     '2.0.1',
72 silly addNameRange     '3.0.0',
72 silly addNameRange     '3.1.0',
72 silly addNameRange     '3.1.1',
72 silly addNameRange     '4.1.0',
72 silly addNameRange     '4.1.1',
72 silly addNameRange     '3.2.0' ] ]
73 silly addNamed ios-sim@4.1.1
74 verbose addNamed "4.1.1" is a plain semver version for ios-sim
75 silly mapToRegistry name ios-sim
76 silly mapToRegistry using default registry
77 silly mapToRegistry registry https://registry.npmjs.org/
78 silly mapToRegistry uri https://registry.npmjs.org/ios-sim
79 verbose addRemoteTarball https://registry.npmjs.org/ios-sim/-/ios-sim-4.1.1.tgz not in flight; adding
80 verbose addRemoteTarball [ 'https://registry.npmjs.org/ios-sim/-/ios-sim-4.1.1.tgz',
80 verbose addRemoteTarball   '3458eca5e5d5e97ae11f19e35f6768584dcbf7cd' ]
81 http fetch 200 https://registry.npmjs.org/ionic/-/ionic-1.6.4.tgz
82 info retry fetch attempt 1 at 11:13:47 PM
83 info attempt registry request try #1 at 11:13:47 PM
84 http fetch GET https://registry.npmjs.org/ios-sim/-/ios-sim-4.1.1.tgz
85 silly fetchAndShaCheck shasum 2c0cd94c4316cab206796e44fe67565bf4b883a0
86 verbose addTmpTarball /var/folders/cv/yy78rb7d41sb4mh18cj9dhmr0000gn/T/npm-63743-6ca9d89b/registry.npmjs.org/ionic/-/ionic-1.6.4.tgz not in flight; adding
87 verbose addTmpTarball already have metadata; skipping unpack for ionic@1.6.4
88 silly cache afterAdd ionic@1.6.4
89 verbose afterAdd /Users/gafrong/.npm/ionic/1.6.4/package/package.json not in flight; writing
90 verbose afterAdd /Users/gafrong/.npm/ionic/1.6.4/package/package.json written
91 http 200 https://registry.npmjs.org/cordova
92 silly get cb [ 200,
92 silly get   { server: 'CouchDB/1.5.0 (Erlang OTP/R16B03)',
92 silly get     etag: '"CPBYZ9C4T2M6G8VALZZAT28M5"',
92 silly get     'content-type': 'application/json',
92 silly get     'cache-control': 'max-age=60',
92 silly get     'content-length': '355738',
92 silly get     'accept-ranges': 'bytes',
92 silly get     date: 'Sun, 09 Aug 2015 13:13:47 GMT',
92 silly get     via: '1.1 varnish',
92 silly get     age: '0',
92 silly get     connection: 'keep-alive',
92 silly get     'x-served-by': 'cache-syd1627-SYD',
92 silly get     'x-cache': 'HIT',
92 silly get     'x-cache-hits': '1',
92 silly get     'x-timer': 'S1439126026.254892,VS0,VE924',
92 silly get     vary: 'Accept' } ]
93 verbose get saving cordova to /Users/gafrong/.npm/registry.npmjs.org/cordova/.cache.json
94 silly addNameRange number 2 { name: 'cordova', range: '*', hasData: true }
95 silly addNameRange versions [ 'cordova',
95 silly addNameRange   [ '0.0.1',
95 silly addNameRange     '0.0.2',
95 silly addNameRange     '0.0.3',
95 silly addNameRange     '0.0.4',
95 silly addNameRange     '0.0.5',
95 silly addNameRange     '0.0.6',
95 silly addNameRange     '0.0.7',
95 silly addNameRange     '0.0.8',
95 silly addNameRange     '0.0.9',
95 silly addNameRange     '0.1.0',
95 silly addNameRange     '0.1.1',
95 silly addNameRange     '0.1.2',
95 silly addNameRange     '0.1.3',
95 silly addNameRange     '0.1.4',
95 silly addNameRange     '0.1.5',
95 silly addNameRange     '0.1.6',
95 silly addNameRange     '0.1.7',
95 silly addNameRange     '0.1.8',
95 silly addNameRange     '0.1.9',
95 silly addNameRange     '0.1.10',
95 silly addNameRange     '0.1.11',
95 silly addNameRange     '0.1.12',
95 silly addNameRange     '0.1.13',
95 silly addNameRange     '0.1.14',
95 silly addNameRange     '2.2.0',
95 silly addNameRange     '2.3.0',
95 silly addNameRange     '2.3.1',
95 silly addNameRange     '2.3.2',
95 silly addNameRange     '2.3.3',
95 silly addNameRange     '2.3.5',
95 silly addNameRange     '2.3.6',
95 silly addNameRange     '2.4.0',
95 silly addNameRange     '2.4.1',
95 silly addNameRange     '2.4.2',
95 silly addNameRange     '2.4.3',
95 silly addNameRange     '2.4.4',
95 silly addNameRange     '2.4.5',
95 silly addNameRange     '2.4.6',
95 silly addNameRange     '2.4.7',
95 silly addNameRange     '2.4.8',
95 silly addNameRange     '2.4.9',
95 silly addNameRange     '2.4.10',
95 silly addNameRange     '2.5.0',
95 silly addNameRange     '2.5.2',
95 silly addNameRange     '2.5.3',
95 silly addNameRange     '2.5.4',
95 silly addNameRange     '2.5.5',
95 silly addNameRange     '2.6.0',
95 silly addNameRange     '2.6.1',
95 silly addNameRange     '2.6.2',
95 silly addNameRange     '2.7.0-rc.1',
95 silly addNameRange     '2.7.1-rc.1',
95 silly addNameRange     '2.7.2',
95 silly addNameRange     '2.7.3',
95 silly addNameRange     '2.7.4',
95 silly addNameRange     '2.8.0',
95 silly addNameRange     '2.8.1',
95 silly addNameRange     '2.8.2',
95 silly addNameRange     '2.8.3',
95 silly addNameRange     '2.8.4',
95 silly addNameRange     '2.8.5',
95 silly addNameRange     '2.8.6',
95 silly addNameRange     '2.8.7',
95 silly addNameRange     '2.8.8',
95 silly addNameRange     '2.8.9',
95 silly addNameRange     '2.8.10',
95 silly addNameRange     '2.8.11',
95 silly addNameRange     '2.8.12',
95 silly addNameRange     '2.8.13',
95 silly addNameRange     '2.8.14',
95 silly addNameRange     '2.8.15',
95 silly addNameRange     '2.8.16',
95 silly addNameRange     '2.8.17',
95 silly addNameRange     '2.8.18',
95 silly addNameRange     '2.8.19',
95 silly addNameRange     '2.8.20',
95 silly addNameRange     '2.8.21',
95 silly addNameRange     '2.8.22',
95 silly addNameRange     '2.8.23',
95 silly addNameRange     '2.8.24',
95 silly addNameRange     '2.8.25',
95 silly addNameRange     '2.9.0',
95 silly addNameRange     '2.9.1',
95 silly addNameRange     '2.9.2',
95 silly addNameRange     '2.9.3',
95 silly addNameRange     '2.9.4',
95 silly addNameRange     '2.9.5',
95 silly addNameRange     '2.9.6',
95 silly addNameRange     '2.9.7',
95 silly addNameRange     '3.0.0-rc1',
95 silly addNameRange     '3.0.0-rc1-1',
95 silly addNameRange     '3.0.0-rc1-3',
95 silly addNameRange     '3.0.0',
95 silly addNameRange     '3.0.1',
95 silly addNameRange     '3.0.2',
95 silly addNameRange     '3.0.3',
95 silly addNameRange     '3.0.4',
95 silly addNameRange     '3.0.5',
95 silly addNameRange     '3.0.6',
95 silly addNameRange     '3.0.7',
95 silly addNameRange     '3.0.8',
95 silly addNameRange     '3.0.9',
95 silly addNameRange     '3.0.10',
95 silly addNameRange     '3.1.0-0.1.0',
95 silly addNameRange     '3.1.0-0.2.0',
95 silly addNameRange     '3.2.0-rc.1',
95 silly addNameRange     '3.2.0-0.1.0',
95 silly addNameRange     '3.2.0-0.2.0',
95 silly addNameRange     '3.2.0-0.3.0',
95 silly addNameRange     '3.2.0-0.4.0',
95 silly addNameRange     '3.3.0-rc.1',
95 silly addNameRange     '3.3.0-0.1.1',
95 silly addNameRange     '3.3.1-0.1.2',
95 silly addNameRange     '2.9.0-rc1',
95 silly addNameRange     '3.3.1-0.3.0',
95 silly addNameRange     '3.3.1-0.3.1',
95 silly addNameRange     '3.3.1-0.4.1',
95 silly addNameRange     '3.3.1-0.4.2',
95 silly addNameRange     '3.4.0-0.1.0',
95 silly addNameRange     '3.4.0-0.1.1',
95 silly addNameRange     '3.4.0-0.1.2',
95 silly addNameRange     '3.4.0-0.1.3',
95 silly addNameRange     '0.0.0-fake',
95 silly addNameRange     '3.4.1-0.1.0',
95 silly addNameRange     '3.5.0-0.2.0',
95 silly addNameRange     '3.5.0-0.2.1',
95 silly addNameRange     '3.5.0-0.2.2',
95 silly addNameRange     '3.5.0-0.2.3',
95 silly addNameRange     '3.5.0-0.2.4',
95 silly addNameRange     '3.5.0-0.2.6',
95 silly addNameRange     '3.5.0-0.2.7',
95 silly addNameRange     '3.6.0-0.2.8',
95 silly addNameRange     '3.6.0-0.2.9',
95 silly addNameRange     '3.6.1-0.2.10',
95 silly addNameRange     '3.6.3-0.2.11',
95 silly addNameRange     '3.6.3-0.2.12',
95 silly addNameRange     '3.6.3-0.2.13',
95 silly addNameRange     '4.0.0',
95 silly addNameRange     '4.0.1',
95 silly addNameRange     '4.1.0',
95 silly addNameRange     '4.1.1',
95 silly addNameRange     '4.1.2',
95 silly addNameRange     '4.1.3-nightly.2014.10.21',
95 silly addNameRange     '4.2.0',
95 silly addNameRange     '4.3.0',
95 silly addNameRange     '5.0.0',
95 silly addNameRange     '4.3.1',
95 silly addNameRange     '5.1.1',
95 silly addNameRange     '5.2.0' ] ]
96 silly addNamed cordova@5.1.1
97 verbose addNamed "5.1.1" is a plain semver version for cordova
98 silly mapToRegistry name cordova
99 silly mapToRegistry using default registry
100 silly mapToRegistry registry https://registry.npmjs.org/
101 silly mapToRegistry uri https://registry.npmjs.org/cordova
102 verbose addRemoteTarball https://registry.npmjs.org/cordova/-/cordova-5.1.1.tgz not in flight; adding
103 verbose addRemoteTarball [ 'https://registry.npmjs.org/cordova/-/cordova-5.1.1.tgz',
103 verbose addRemoteTarball   'a9da84a4b42eac67d4b661246c7a6704c350eaae' ]
104 info retry fetch attempt 1 at 11:13:47 PM
105 info attempt registry request try #1 at 11:13:47 PM
106 http fetch GET https://registry.npmjs.org/cordova/-/cordova-5.1.1.tgz
107 http fetch 200 https://registry.npmjs.org/ios-sim/-/ios-sim-4.1.1.tgz
108 silly fetchAndShaCheck shasum 3458eca5e5d5e97ae11f19e35f6768584dcbf7cd
109 verbose addTmpTarball /var/folders/cv/yy78rb7d41sb4mh18cj9dhmr0000gn/T/npm-63743-6ca9d89b/registry.npmjs.org/ios-sim/-/ios-sim-4.1.1.tgz not in flight; adding
110 verbose addTmpTarball already have metadata; skipping unpack for ios-sim@4.1.1
111 silly cache afterAdd ios-sim@4.1.1
112 verbose afterAdd /Users/gafrong/.npm/ios-sim/4.1.1/package/package.json not in flight; writing
113 verbose afterAdd /Users/gafrong/.npm/ios-sim/4.1.1/package/package.json written
114 http fetch 200 https://registry.npmjs.org/cordova/-/cordova-5.1.1.tgz
115 silly fetchAndShaCheck shasum a9da84a4b42eac67d4b661246c7a6704c350eaae
116 verbose addTmpTarball /var/folders/cv/yy78rb7d41sb4mh18cj9dhmr0000gn/T/npm-63743-6ca9d89b/registry.npmjs.org/cordova/-/cordova-5.1.1.tgz not in flight; adding
117 verbose addTmpTarball already have metadata; skipping unpack for cordova@5.1.1
118 silly cache afterAdd cordova@5.1.1
119 verbose afterAdd /Users/gafrong/.npm/cordova/5.1.1/package/package.json not in flight; writing
120 verbose afterAdd /Users/gafrong/.npm/cordova/5.1.1/package/package.json written
121 silly install resolved [ { name: 'ionic',
121 silly install resolved     version: '1.6.4',
121 silly install resolved     preferGlobal: true,
121 silly install resolved     description: 'A tool for creating and developing Ionic Framework mobile apps.',
121 silly install resolved     homepage: 'http://ionicframework.com/',
121 silly install resolved     bin: { ionic: 'bin/ionic' },
121 silly install resolved     scripts:
121 silly install resolved      { bump: 'node lib/tasks/bumpversion',
121 silly install resolved        'beta-bump': 'node lib/tasks/bumpversion --level pre --identifier beta',
121 silly install resolved        'publish-release': 'node lib/tasks/bumpversion --npmPublish',
121 silly install resolved        'publish-tag': 'node lib/tasks/bumpversion --level beta --npmPublishTag',
121 silly install resolved        'full-release': 'node lib/tasks/bumpversion --npmInstall --git --npmPublish',
121 silly install resolved        test: 'npm run jasmine',
121 silly install resolved        e2e: 'jasmine-node --captureExceptions ./e2e',
121 silly install resolved        jasmine: 'jasmine-node --captureExceptions  ./spec' },
121 silly install resolved     keywords:
121 silly install resolved      [ 'ionic',
121 silly install resolved        'ionic framework',
121 silly install resolved        'ionicframework',
121 silly install resolved        'mobile',
121 silly install resolved        'app',
121 silly install resolved        'hybrid',
121 silly install resolved        'cordova',
121 silly install resolved        'phonegap' ],
121 silly install resolved     repository:
121 silly install resolved      { type: 'git',
121 silly install resolved        url: 'git+https://github.com/driftyco/ionic-cli.git' },
121 silly install resolved     contributors: [ [Object], [Object], [Object], [Object] ],
121 silly install resolved     license: 'MIT',
121 silly install resolved     dependencies:
121 silly install resolved      { async: '^0.9.0',
121 silly install resolved        cheerio: '^0.19.0',
121 silly install resolved        'cli-table': '^0.3.1',
121 silly install resolved        colors: '0.6.2',
121 silly install resolved        connect: '3.1.1',
121 silly install resolved        'connect-livereload': '0.5.2',
121 silly install resolved        crc: '3.2.1',
121 silly install resolved        'cross-spawn': '0.2.3',
121 silly install resolved        'event-stream': '3.0.x',
121 silly install resolved        finalhandler: '0.2.0',
121 silly install resolved        'form-data': '0.1.4',
121 silly install resolved        gulp: '3.8.8',
121 silly install resolved        'ionic-app-lib': '0.3.8',
121 silly install resolved        ncp: '0.4.2',
121 silly install resolved        npm: '2.1.3',
121 silly install resolved        'opbeat-ionic': '^1.1.3',
121 silly install resolved        open: '0.0.5',
121 silly install resolved        optimist: '0.6.0',
121 silly install resolved        progress: '1.1.7',
121 silly install resolved        prompt: '0.2.12',
121 silly install resolved        'proxy-middleware': '^0.7.0',
121 silly install resolved        q: '1.0.1',
121 silly install resolved        request: '2.51.0',
121 silly install resolved        semver: '^4.2.0',
121 silly install resolved        'serve-static': '1.7.1',
121 silly install resolved        shelljs: '0.2.6',
121 silly install resolved        'tiny-lr-fork': '0.0.5',
121 silly install resolved        underscore: '~1.7.0',
121 silly install resolved        unzip: '0.1.9',
121 silly install resolved        'vinyl-fs': '0.3.7',
121 silly install resolved        xml2js: '0.4.4' },
121 silly install resolved     devDependencies: { 'jasmine-node': '^1.14.5' },
121 silly install resolved     gitHead: 'd43af1c933e81dc62cd9e0d752a41f827c85bd7f',
121 silly install resolved     bugs: { url: 'https://github.com/driftyco/ionic-cli/issues' },
121 silly install resolved     _id: 'ionic@1.6.4',
121 silly install resolved     _shasum: '2c0cd94c4316cab206796e44fe67565bf4b883a0',
121 silly install resolved     _from: 'ionic@*',
121 silly install resolved     _npmVersion: '2.12.0',
121 silly install resolved     _nodeVersion: '0.10.38',
121 silly install resolved     _npmUser: { name: 'ericb', email: 'eric@hellouser.net' },
121 silly install resolved     dist:
121 silly install resolved      { shasum: '2c0cd94c4316cab206796e44fe67565bf4b883a0',
121 silly install resolved        tarball: 'http://registry.npmjs.org/ionic/-/ionic-1.6.4.tgz' },
121 silly install resolved     maintainers: [ [Object], [Object], [Object], [Object] ],
121 silly install resolved     directories: {},
121 silly install resolved     _resolved: 'https://registry.npmjs.org/ionic/-/ionic-1.6.4.tgz' },
121 silly install resolved   { name: 'ios-sim',
121 silly install resolved     version: '4.1.1',
121 silly install resolved     os: [ 'darwin' ],
121 silly install resolved     preferGlobal: 'true',
121 silly install resolved     description: 'launch iOS apps into the iOS Simulator from the command line (Xcode 6.0+)',
121 silly install resolved     main: 'ios-sim',
121 silly install resolved     repository: { type: 'git', url: 'https://github.com/phonegap/ios-sim' },
121 silly install resolved     engines: { node: '>=0.10.0' },
121 silly install resolved     keywords: [ 'ios-sim', 'iOS Simulator' ],
121 silly install resolved     bin: { 'ios-sim': './bin/ios-sim' },
121 silly install resolved     bugs: { url: 'https://github.com/phonegap/ios-sim/issues' },
121 silly install resolved     author: { name: 'Shazron Abdullah' },
121 silly install resolved     license: 'MIT',
121 silly install resolved     dependencies: { simctl: '^0.0.6', nopt: '1.0.9', 'bplist-parser': '^0.0.6' },
121 silly install resolved     gitHead: 'a0f2e2d8e4deca377b70041f3cbb2a529f6fa5e5',
121 silly install resolved     homepage: 'https://github.com/phonegap/ios-sim',
121 silly install resolved     _id: 'ios-sim@4.1.1',
121 silly install resolved     scripts: {},
121 silly install resolved     _shasum: '3458eca5e5d5e97ae11f19e35f6768584dcbf7cd',
121 silly install resolved     _from: 'ios-sim@*',
121 silly install resolved     _npmVersion: '2.5.1',
121 silly install resolved     _nodeVersion: '0.12.0',
121 silly install resolved     _npmUser: { name: 'shazron', email: 'shazron@gmail.com' },
121 silly install resolved     maintainers: [ [Object], [Object], [Object] ],
121 silly install resolved     dist:
121 silly install resolved      { shasum: '3458eca5e5d5e97ae11f19e35f6768584dcbf7cd',
121 silly install resolved        tarball: 'http://registry.npmjs.org/ios-sim/-/ios-sim-4.1.1.tgz' },
121 silly install resolved     directories: {},
121 silly install resolved     _resolved: 'https://registry.npmjs.org/ios-sim/-/ios-sim-4.1.1.tgz' },
121 silly install resolved   { name: 'cordova',
121 silly install resolved     version: '5.1.1',
121 silly install resolved     preferGlobal: 'true',
121 silly install resolved     description: 'Cordova command line interface tool',
121 silly install resolved     main: 'cordova',
121 silly install resolved     engines: { node: '>=0.9.9' },
121 silly install resolved     engineStrict: true,
121 silly install resolved     bin: { cordova: './bin/cordova' },
121 silly install resolved     scripts:
121 silly install resolved      { test: 'node node_modules/jasmine-node/bin/jasmine-node --captureExceptions --color spec',
121 silly install resolved        cover: 'node node_modules/istanbul/lib/cli.js cover --root src --print detail node_modules/jasmine-node/bin/jasmine-node -- spec' },
121 silly install resolved     repository:
121 silly install resolved      { type: 'git',
121 silly install resolved        url: 'https://git-wip-us.apache.org/repos/asf/cordova-cli.git' },
121 silly install resolved     bugs:
121 silly install resolved      { url: 'https://issues.apache.org/jira/browse/CB',
121 silly install resolved        email: 'dev@cordova.apache.org' },
121 silly install resolved     keywords: [ 'cordova', 'client', 'cli' ],
121 silly install resolved     dependencies:
121 silly install resolved      { 'cordova-lib': '5.1.1',
121 silly install resolved        q: '1.0.1',
121 silly install resolved        nopt: '3.0.1',
121 silly install resolved        underscore: '1.7.0' },
121 silly install resolved     devDependencies:
121 silly install resolved      { istanbul: '^0.3.4',
121 silly install resolved        grunt: '0.4.5',
121 silly install resolved        'grunt-retire': '0.3.7',
121 silly install resolved        'jasmine-node': '1.14.5' },
121 silly install resolved     author: { name: 'Anis Kadri' },
121 silly install resolved     contributors:
121 silly install resolved      [ [Object],
121 silly install resolved        [Object],
121 silly install resolved        [Object],
121 silly install resolved        [Object],
121 silly install resolved        [Object],
121 silly install resolved        [Object],
121 silly install resolved        [Object],
121 silly install resolved        [Object],
121 silly install resolved        [Object],
121 silly install resolved        [Object],
121 silly install resolved        [Object],
121 silly install resolved        [Object],
121 silly install resolved        [Object],
121 silly install resolved        [Object],
121 silly install resolved        [Object],
121 silly install resolved        [Object],
121 silly install resolved        [Object],
121 silly install resolved        [Object],
121 silly install resolved        [Object],
121 silly install resolved        [Object],
121 silly install resolved        [Object],
121 silly install resolved        [Object],
121 silly install resolved        [Object],
121 silly install resolved        [Object] ],
121 silly install resolved     license: 'Apache version 2.0',
121 silly install resolved     _id: 'cordova@5.1.1',
121 silly install resolved     _shasum: 'a9da84a4b42eac67d4b661246c7a6704c350eaae',
121 silly install resolved     _resolved: 'https://registry.npmjs.org/cordova/-/cordova-5.1.1.tgz',
121 silly install resolved     _from: 'cordova@*',
121 silly install resolved     _npmVersion: '2.9.1',
121 silly install resolved     _nodeVersion: '0.10.36',
121 silly install resolved     _npmUser: { name: 'stevegill', email: 'stevengill97@gmail.com' },
121 silly install resolved     dist:
121 silly install resolved      { shasum: 'a9da84a4b42eac67d4b661246c7a6704c350eaae',
121 silly install resolved        tarball: 'http://registry.npmjs.org/cordova/-/cordova-5.1.1.tgz' },
121 silly install resolved     maintainers:
121 silly install resolved      [ [Object],
121 silly install resolved        [Object],
121 silly install resolved        [Object],
121 silly install resolved        [Object],
121 silly install resolved        [Object],
121 silly install resolved        [Object],
121 silly install resolved        [Object],
121 silly install resolved        [Object],
121 silly install resolved        [Object],
121 silly install resolved        [Object],
121 silly install resolved        [Object],
121 silly install resolved        [Object],
121 silly install resolved        [Object],
121 silly install resolved        [Object],
121 silly install resolved        [Object],
121 silly install resolved        [Object],
121 silly install resolved        [Object] ],
121 silly install resolved     directories: {} } ]
122 info install ionic@1.6.4 into /usr/local/lib
123 info install ios-sim@4.1.1 into /usr/local/lib
124 info install cordova@5.1.1 into /usr/local/lib
125 info installOne ionic@1.6.4
126 verbose installOne of ionic to /usr/local/lib not in flight; installing
127 info installOne ios-sim@4.1.1
128 verbose installOne of ios-sim to /usr/local/lib not in flight; installing
129 info installOne cordova@5.1.1
130 verbose installOne of cordova to /usr/local/lib not in flight; installing
131 warn locking Error: EACCES, open '/Users/gafrong/.npm/_locks/ionic-61c0cd50dc7a1457.lock'
131 warn locking     at Error (native)
131 warn locking  /Users/gafrong/.npm/_locks/ionic-61c0cd50dc7a1457.lock failed { [Error: EACCES, open '/Users/gafrong/.npm/_locks/ionic-61c0cd50dc7a1457.lock']
131 warn locking   errno: -13,
131 warn locking   code: 'EACCES',
131 warn locking   path: '/Users/gafrong/.npm/_locks/ionic-61c0cd50dc7a1457.lock' }
132 verbose stack Error: Attempt to unlock /usr/local/lib/node_modules/ionic, which hasn't been locked
132 verbose stack     at unlock (/usr/local/lib/node_modules/npm/lib/utils/locker.js:66:11)
132 verbose stack     at cb (/usr/local/lib/node_modules/npm/lib/install.js:1017:5)
132 verbose stack     at /usr/local/lib/node_modules/npm/lib/install.js:1021:20
132 verbose stack     at /usr/local/lib/node_modules/npm/lib/utils/locker.js:40:9
132 verbose stack     at cb (/usr/local/lib/node_modules/npm/node_modules/lockfile/lockfile.js:149:38)
132 verbose stack     at /usr/local/lib/node_modules/npm/node_modules/lockfile/lockfile.js:177:38
132 verbose stack     at FSReqWrap.oncomplete (fs.js:95:15)
133 verbose cwd /Users/gafrong/Development/todoApp
134 error Darwin 14.4.0
135 error argv "/usr/local/bin/node" "/usr/local/bin/npm" "install" "-g" "ionic" "cordova" "ios-sim"
136 error node v0.12.7
137 error npm  v2.11.3
138 error Attempt to unlock /usr/local/lib/node_modules/ionic, which hasn't been locked
139 error If you need help, you may report this error at:
139 error     <https://github.com/npm/npm/issues>
140 verbose exit [ 1, true ]
